<?xml version="1.0" encoding="UTF-8"?>
<!-- Generated by org.testng.reporters.JUnitReportReporter -->
<testsuite skipped="0" hostname="LCB7TM13" name="com.caps.tests.CapsMultiLoginTests" tests="2" failures="0" timestamp="18 Aug 2021 16:09:12 GMT" time="44.535" errors="0">
  <testcase name="verifyCAPSMultiLogin" time="20.907" classname="com.caps.tests.CapsMultiLoginTests"/>
  <testcase name="verifyCAPSMultiLogin" time="23.628" classname="com.caps.tests.CapsMultiLoginTests"/>
</testsuite> <!-- com.caps.tests.CapsMultiLoginTests -->
