<?xml version="1.0" encoding="UTF-8"?>
<!-- Generated by org.testng.reporters.JUnitReportReporter -->
<testsuite skipped="0" hostname="LCB7TM13" name="TITO.CAPSOnline.Temp" tests="2" failures="0" timestamp="17 Aug 2021 16:31:58 GMT" time="0.802" errors="0">
  <testcase name="secondTest" time="0.003" classname="TITO.CAPSOnline.Temp"/>
  <testcase name="verifyHomepageTitle" time="0.799" classname="TITO.CAPSOnline.Temp"/>
</testsuite> <!-- TITO.CAPSOnline.Temp -->
